<?xml version="1.0" encoding="UTF-8"?>
<testng-results ignored="0" total="1" passed="1" failed="0" skipped="0">
  <reporter-output>
  </reporter-output>
  <suite started-at="2024-09-10T22:59:58 IST" name="Suite" finished-at="2024-09-10T23:00:02 IST" duration-ms="4279">
    <groups>
    </groups>
    <test started-at="2024-09-10T22:59:58 IST" name="Test" finished-at="2024-09-10T23:00:02 IST" duration-ms="4279">
      <class name="test1.Test01">
        <test-method signature="hi()[pri:0, instance:test1.Test01@abf688e]" started-at="2024-09-10T22:59:58 IST" name="hi" finished-at="2024-09-10T23:00:02 IST" duration-ms="3915" status="PASS">
          <reporter-output>
          </reporter-output>
        </test-method> <!-- hi -->
        <test-method is-config="true" signature="wrapup()[pri:0, instance:test1.Test01@abf688e]" started-at="2024-09-10T23:00:02 IST" name="wrapup" finished-at="2024-09-10T23:00:02 IST" duration-ms="293" status="PASS">
          <reporter-output>
          </reporter-output>
        </test-method> <!-- wrapup -->
      </class> <!-- test1.Test01 -->
    </test> <!-- Test -->
  </suite> <!-- Suite -->
</testng-results>
